# JRE version: OpenJDK Runtime Environment (7.0_65-b32) (build 1.7.0_65-b32)
# Java VM: OpenJDK 64-Bit Server VM (24.65-b04 mixed mode linux-amd64 compressed oops)
Heap
 PSYoungGen      total 68608K, used 23289K [0x00000000faa80000, 0x0000000100000000, 0x0000000100000000)
  eden space 51200K, 11% used [0x00000000faa80000,0x00000000fb045a30,0x00000000fdc80000)
  from space 17408K, 99% used [0x00000000fdc80000,0x00000000fed78ba8,0x00000000fed80000)
  to   space 18944K, 0% used [0x00000000fed80000,0x00000000fed80000,0x0000000100000000)
 ParOldGen       total 83968K, used 37578K [0x00000000f0000000, 0x00000000f5200000, 0x00000000faa80000)
  object space 83968K, 44% used [0x00000000f0000000,0x00000000f24b2ab8,0x00000000f5200000)
 PSPermGen       total 131072K, used 43986K [0x00000000e5a00000, 0x00000000eda00000, 0x00000000f0000000)
  object space 131072K, 33% used [0x00000000e5a00000,0x00000000e84f49c8,0x00000000eda00000)
GC Heap History (10 events):
Event: 10,478 GC heap before
{Heap before GC invocations=5 (full 0):
 PSYoungGen      total 68608K, used 68592K [0x00000000faa80000, 0x00000000ff280000, 0x0000000100000000)
  eden space 63488K, 100% used [0x00000000faa80000,0x00000000fe880000,0x00000000fe880000)
  from space 5120K, 99% used [0x00000000fed80000,0x00000000ff27c010,0x00000000ff280000)
  to   space 5120K, 0% used [0x00000000fe880000,0x00000000fe880000,0x00000000fed80000)
 ParOldGen       total 83968K, used 11733K [0x00000000f0000000, 0x00000000f5200000, 0x00000000faa80000)
  object space 83968K, 13% used [0x00000000f0000000,0x00000000f0b75758,0x00000000f5200000)
 PSPermGen       total 131072K, used 19726K [0x00000000e5a00000, 0x00000000eda00000, 0x00000000f0000000)
  object space 131072K, 15% used [0x00000000e5a00000,0x00000000e6d43ba0,0x00000000eda00000)
Event: 10,526 GC heap after
Heap after GC invocations=5 (full 0):
 PSYoungGen      total 68608K, used 5088K [0x00000000faa80000, 0x0000000100000000, 0x0000000100000000)
  eden space 63488K, 0% used [0x00000000faa80000,0x00000000faa80000,0x00000000fe880000)
  from space 5120K, 99% used [0x00000000fe880000,0x00000000fed78010,0x00000000fed80000)
  to   space 18432K, 0% used [0x00000000fee00000,0x00000000fee00000,0x0000000100000000)
 ParOldGen       total 83968K, used 27682K [0x00000000f0000000, 0x00000000f5200000, 0x00000000faa80000)
  object space 83968K, 32% used [0x00000000f0000000,0x00000000f1b089f0,0x00000000f5200000)
 PSPermGen       total 131072K, used 19726K [0x00000000e5a00000, 0x00000000eda00000, 0x00000000f0000000)
  object space 131072K, 15% used [0x00000000e5a00000,0x00000000e6d43ba0,0x00000000eda00000)
}
Event: 11,302 GC heap before
{Heap before GC invocations=6 (full 0):
 PSYoungGen      total 68608K, used 68576K [0x00000000faa80000, 0x0000000100000000, 0x0000000100000000)
  eden space 63488K, 100% used [0x00000000faa80000,0x00000000fe880000,0x00000000fe880000)
  from space 5120K, 99% used [0x00000000fe880000,0x00000000fed78010,0x00000000fed80000)
  to   space 18432K, 0% used [0x00000000fee00000,0x00000000fee00000,0x0000000100000000)
 ParOldGen       total 83968K, used 27682K [0x00000000f0000000, 0x00000000f5200000, 0x00000000faa80000)
  object space 83968K, 32% used [0x00000000f0000000,0x00000000f1b089f0,0x00000000f5200000)
 PSPermGen       total 131072K, used 19757K [0x00000000e5a00000, 0x00000000eda00000, 0x00000000f0000000)
  object space 131072K, 15% used [0x00000000e5a00000,0x00000000e6d4b530,0x00000000eda00000)
Event: 11,339 GC heap after
Heap after GC invocations=6 (full 0):
 PSYoungGen      total 70144K, used 11577K [0x00000000faa80000, 0x0000000100000000, 0x0000000100000000)
  eden space 51712K, 0% used [0x00000000faa80000,0x00000000faa80000,0x00000000fdd00000)
  from space 18432K, 62% used [0x00000000fee00000,0x00000000ff94e488,0x0000000100000000)
  to   space 17408K, 0% used [0x00000000fdd00000,0x00000000fdd00000,0x00000000fee00000)
 ParOldGen       total 83968K, used 27682K [0x00000000f0000000, 0x00000000f5200000, 0x00000000faa80000)
  object space 83968K, 32% used [0x00000000f0000000,0x00000000f1b089f0,0x00000000f5200000)
 PSPermGen       total 131072K, used 19757K [0x00000000e5a00000, 0x00000000eda00000, 0x00000000f0000000)
  object space 131072K, 15% used [0x00000000e5a00000,0x00000000e6d4b530,0x00000000eda00000)
}
Event: 12,608 GC heap before
{Heap before GC invocations=7 (full 0):
 PSYoungGen      total 70144K, used 63289K [0x00000000faa80000, 0x0000000100000000, 0x0000000100000000)
  eden space 51712K, 100% used [0x00000000faa80000,0x00000000fdd00000,0x00000000fdd00000)
  from space 18432K, 62% used [0x00000000fee00000,0x00000000ff94e488,0x0000000100000000)
  to   space 17408K, 0% used [0x00000000fdd00000,0x00000000fdd00000,0x00000000fee00000)
 ParOldGen       total 83968K, used 27682K [0x00000000f0000000, 0x00000000f5200000, 0x00000000faa80000)
  object space 83968K, 32% used [0x00000000f0000000,0x00000000f1b089f0,0x00000000f5200000)
 PSPermGen       total 131072K, used 21487K [0x00000000e5a00000, 0x00000000eda00000, 0x00000000f0000000)
  object space 131072K, 16% used [0x00000000e5a00000,0x00000000e6efbd28,0x00000000eda00000)
Event: 12,642 GC heap after
Heap after GC invocations=7 (full 0):
 PSYoungGen      total 62464K, used 10491K [0x00000000faa80000, 0x00000000ffe00000, 0x0000000100000000)
  eden space 51712K, 0% used [0x00000000faa80000,0x00000000faa80000,0x00000000fdd00000)
  from space 10752K, 97% used [0x00000000fdd00000,0x00000000fe73ef00,0x00000000fe780000)
  to   space 16896K, 0% used [0x00000000fed80000,0x00000000fed80000,0x00000000ffe00000)
 ParOldGen       total 83968K, used 29440K [0x00000000f0000000, 0x00000000f5200000, 0x00000000faa80000)
  object space 83968K, 35% used [0x00000000f0000000,0x00000000f1cc02d8,0x00000000f5200000)
 PSPermGen       total 131072K, used 21487K [0x00000000e5a00000, 0x00000000eda00000, 0x00000000f0000000)
  object space 131072K, 16% used [0x00000000e5a00000,0x00000000e6efbd28,0x00000000eda00000)
}
Event: 16,723 GC heap before
{Heap before GC invocations=8 (full 0):
 PSYoungGen      total 62464K, used 62203K [0x00000000faa80000, 0x00000000ffe00000, 0x0000000100000000)
  eden space 51712K, 100% used [0x00000000faa80000,0x00000000fdd00000,0x00000000fdd00000)
  from space 10752K, 97% used [0x00000000fdd00000,0x00000000fe73ef00,0x00000000fe780000)
  to   space 16896K, 0% used [0x00000000fed80000,0x00000000fed80000,0x00000000ffe00000)
 ParOldGen       total 83968K, used 29440K [0x00000000f0000000, 0x00000000f5200000, 0x00000000faa80000)
  object space 83968K, 35% used [0x00000000f0000000,0x00000000f1cc02d8,0x00000000f5200000)
 PSPermGen       total 131072K, used 29227K [0x00000000e5a00000, 0x00000000eda00000, 0x00000000f0000000)
  object space 131072K, 22% used [0x00000000e5a00000,0x00000000e768ad28,0x00000000eda00000)
Event: 16,778 GC heap after
Heap after GC invocations=8 (full 0):
 PSYoungGen      total 68096K, used 14243K [0x00000000faa80000, 0x0000000100000000, 0x0000000100000000)
  eden space 51200K, 0% used [0x00000000faa80000,0x00000000faa80000,0x00000000fdc80000)
  from space 16896K, 84% used [0x00000000fed80000,0x00000000ffb68ea8,0x00000000ffe00000)
  to   space 17408K, 0% used [0x00000000fdc80000,0x00000000fdc80000,0x00000000fed80000)
 ParOldGen       total 83968K, used 30498K [0x00000000f0000000, 0x00000000f5200000, 0x00000000faa80000)
  object space 83968K, 36% used [0x00000000f0000000,0x00000000f1dc8a48,0x00000000f5200000)
 PSPermGen       total 131072K, used 29227K [0x00000000e5a00000, 0x00000000eda00000, 0x00000000f0000000)
  object space 131072K, 22% used [0x00000000e5a00000,0x00000000e768ad28,0x00000000eda00000)
}
Event: 22,253 GC heap before
{Heap before GC invocations=9 (full 0):
 PSYoungGen      total 68096K, used 65443K [0x00000000faa80000, 0x0000000100000000, 0x0000000100000000)
  eden space 51200K, 100% used [0x00000000faa80000,0x00000000fdc80000,0x00000000fdc80000)
  from space 16896K, 84% used [0x00000000fed80000,0x00000000ffb68ea8,0x00000000ffe00000)
  to   space 17408K, 0% used [0x00000000fdc80000,0x00000000fdc80000,0x00000000fed80000)
 ParOldGen       total 83968K, used 30498K [0x00000000f0000000, 0x00000000f5200000, 0x00000000faa80000)
  object space 83968K, 36% used [0x00000000f0000000,0x00000000f1dc8a48,0x00000000f5200000)
 PSPermGen       total 131072K, used 42504K [0x00000000e5a00000, 0x00000000eda00000, 0x00000000f0000000)
  object space 131072K, 32% used [0x00000000e5a00000,0x00000000e8382068,0x00000000eda00000)
Event: 22,317 GC heap after
Heap after GC invocations=9 (full 0):
 PSYoungGen      total 68608K, used 17378K [0x00000000faa80000, 0x0000000100000000, 0x0000000100000000)
  eden space 51200K, 0% used [0x00000000faa80000,0x00000000faa80000,0x00000000fdc80000)
  from space 17408K, 99% used [0x00000000fdc80000,0x00000000fed78ba8,0x00000000fed80000)
  to   space 18944K, 0% used [0x00000000fed80000,0x00000000fed80000,0x0000000100000000)
 ParOldGen       total 83968K, used 37578K [0x00000000f0000000, 0x00000000f5200000, 0x00000000faa80000)
  object space 83968K, 44% used [0x00000000f0000000,0x00000000f24b2ab8,0x00000000f5200000)
 PSPermGen       total 131072K, used 42504K [0x00000000e5a00000, 0x00000000eda00000, 0x00000000f0000000)
  object space 131072K, 32% used [0x00000000e5a00000,0x00000000e8382068,0x00000000eda00000)
}

