# JRE version: OpenJDK Runtime Environment (7.0_65-b32) (build 1.7.0_65-b32)
# Java VM: OpenJDK 64-Bit Server VM (24.65-b04 mixed mode linux-amd64 compressed oops)
Heap
 PSYoungGen      total 68608K, used 24449K [0x00000000faa80000, 0x0000000100000000, 0x0000000100000000)
  eden space 51200K, 13% used [0x00000000faa80000,0x00000000fb164b68,0x00000000fdc80000)
  from space 17408K, 99% used [0x00000000fdc80000,0x00000000fed7b948,0x00000000fed80000)
  to   space 18944K, 0% used [0x00000000fed80000,0x00000000fed80000,0x0000000100000000)
 ParOldGen       total 83968K, used 37301K [0x00000000f0000000, 0x00000000f5200000, 0x00000000faa80000)
  object space 83968K, 44% used [0x00000000f0000000,0x00000000f246d688,0x00000000f5200000)
 PSPermGen       total 131072K, used 43988K [0x00000000e5a00000, 0x00000000eda00000, 0x00000000f0000000)
  object space 131072K, 33% used [0x00000000e5a00000,0x00000000e84f5028,0x00000000eda00000)
GC Heap History (10 events):
Event: 15,896 GC heap before
{Heap before GC invocations=5 (full 0):
 PSYoungGen      total 68608K, used 68592K [0x00000000faa80000, 0x00000000ff280000, 0x0000000100000000)
  eden space 63488K, 100% used [0x00000000faa80000,0x00000000fe880000,0x00000000fe880000)
  from space 5120K, 99% used [0x00000000fed80000,0x00000000ff27c010,0x00000000ff280000)
  to   space 5120K, 0% used [0x00000000fe880000,0x00000000fe880000,0x00000000fed80000)
 ParOldGen       total 83968K, used 11688K [0x00000000f0000000, 0x00000000f5200000, 0x00000000faa80000)
  object space 83968K, 13% used [0x00000000f0000000,0x00000000f0b6a2b0,0x00000000f5200000)
 PSPermGen       total 131072K, used 19726K [0x00000000e5a00000, 0x00000000eda00000, 0x00000000f0000000)
  object space 131072K, 15% used [0x00000000e5a00000,0x00000000e6d43880,0x00000000eda00000)
Event: 15,997 GC heap after
Heap after GC invocations=5 (full 0):
 PSYoungGen      total 68608K, used 5088K [0x00000000faa80000, 0x0000000100000000, 0x0000000100000000)
  eden space 63488K, 0% used [0x00000000faa80000,0x00000000faa80000,0x00000000fe880000)
  from space 5120K, 99% used [0x00000000fe880000,0x00000000fed78030,0x00000000fed80000)
  to   space 18432K, 0% used [0x00000000fee00000,0x00000000fee00000,0x0000000100000000)
 ParOldGen       total 83968K, used 27767K [0x00000000f0000000, 0x00000000f5200000, 0x00000000faa80000)
  object space 83968K, 33% used [0x00000000f0000000,0x00000000f1b1dda0,0x00000000f5200000)
 PSPermGen       total 131072K, used 19726K [0x00000000e5a00000, 0x00000000eda00000, 0x00000000f0000000)
  object space 131072K, 15% used [0x00000000e5a00000,0x00000000e6d43880,0x00000000eda00000)
}
Event: 16,900 GC heap before
{Heap before GC invocations=6 (full 0):
 PSYoungGen      total 68608K, used 68576K [0x00000000faa80000, 0x0000000100000000, 0x0000000100000000)
  eden space 63488K, 100% used [0x00000000faa80000,0x00000000fe880000,0x00000000fe880000)
  from space 5120K, 99% used [0x00000000fe880000,0x00000000fed78030,0x00000000fed80000)
  to   space 18432K, 0% used [0x00000000fee00000,0x00000000fee00000,0x0000000100000000)
 ParOldGen       total 83968K, used 27767K [0x00000000f0000000, 0x00000000f5200000, 0x00000000faa80000)
  object space 83968K, 33% used [0x00000000f0000000,0x00000000f1b1dda0,0x00000000f5200000)
 PSPermGen       total 131072K, used 19757K [0x00000000e5a00000, 0x00000000eda00000, 0x00000000f0000000)
  object space 131072K, 15% used [0x00000000e5a00000,0x00000000e6d4b618,0x00000000eda00000)
Event: 16,934 GC heap after
Heap after GC invocations=6 (full 0):
 PSYoungGen      total 70144K, used 11265K [0x00000000faa80000, 0x0000000100000000, 0x0000000100000000)
  eden space 51712K, 0% used [0x00000000faa80000,0x00000000faa80000,0x00000000fdd00000)
  from space 18432K, 61% used [0x00000000fee00000,0x00000000ff900450,0x0000000100000000)
  to   space 17408K, 0% used [0x00000000fdd00000,0x00000000fdd00000,0x00000000fee00000)
 ParOldGen       total 83968K, used 27767K [0x00000000f0000000, 0x00000000f5200000, 0x00000000faa80000)
  object space 83968K, 33% used [0x00000000f0000000,0x00000000f1b1dda0,0x00000000f5200000)
 PSPermGen       total 131072K, used 19757K [0x00000000e5a00000, 0x00000000eda00000, 0x00000000f0000000)
  object space 131072K, 15% used [0x00000000e5a00000,0x00000000e6d4b618,0x00000000eda00000)
}
Event: 18,542 GC heap before
{Heap before GC invocations=7 (full 0):
 PSYoungGen      total 70144K, used 62977K [0x00000000faa80000, 0x0000000100000000, 0x0000000100000000)
  eden space 51712K, 100% used [0x00000000faa80000,0x00000000fdd00000,0x00000000fdd00000)
  from space 18432K, 61% used [0x00000000fee00000,0x00000000ff900450,0x0000000100000000)
  to   space 17408K, 0% used [0x00000000fdd00000,0x00000000fdd00000,0x00000000fee00000)
 ParOldGen       total 83968K, used 27767K [0x00000000f0000000, 0x00000000f5200000, 0x00000000faa80000)
  object space 83968K, 33% used [0x00000000f0000000,0x00000000f1b1dda0,0x00000000f5200000)
 PSPermGen       total 131072K, used 21310K [0x00000000e5a00000, 0x00000000eda00000, 0x00000000f0000000)
  object space 131072K, 16% used [0x00000000e5a00000,0x00000000e6ecfb38,0x00000000eda00000)
Event: 18,580 GC heap after
Heap after GC invocations=7 (full 0):
 PSYoungGen      total 61952K, used 10098K [0x00000000faa80000, 0x00000000ffe00000, 0x0000000100000000)
  eden space 51712K, 0% used [0x00000000faa80000,0x00000000faa80000,0x00000000fdd00000)
  from space 10240K, 98% used [0x00000000fdd00000,0x00000000fe6dc810,0x00000000fe700000)
  to   space 16896K, 0% used [0x00000000fed80000,0x00000000fed80000,0x00000000ffe00000)
 ParOldGen       total 83968K, used 29550K [0x00000000f0000000, 0x00000000f5200000, 0x00000000faa80000)
  object space 83968K, 35% used [0x00000000f0000000,0x00000000f1cdb878,0x00000000f5200000)
 PSPermGen       total 131072K, used 21310K [0x00000000e5a00000, 0x00000000eda00000, 0x00000000f0000000)
  object space 131072K, 16% used [0x00000000e5a00000,0x00000000e6ecfb38,0x00000000eda00000)
}
Event: 23,746 GC heap before
{Heap before GC invocations=8 (full 0):
 PSYoungGen      total 61952K, used 61673K [0x00000000faa80000, 0x00000000ffe00000, 0x0000000100000000)
  eden space 51712K, 99% used [0x00000000faa80000,0x00000000fdcdde60,0x00000000fdd00000)
  from space 10240K, 98% used [0x00000000fdd00000,0x00000000fe6dc810,0x00000000fe700000)
  to   space 16896K, 0% used [0x00000000fed80000,0x00000000fed80000,0x00000000ffe00000)
 ParOldGen       total 83968K, used 29550K [0x00000000f0000000, 0x00000000f5200000, 0x00000000faa80000)
  object space 83968K, 35% used [0x00000000f0000000,0x00000000f1cdb878,0x00000000f5200000)
 PSPermGen       total 131072K, used 28035K [0x00000000e5a00000, 0x00000000eda00000, 0x00000000f0000000)
  object space 131072K, 21% used [0x00000000e5a00000,0x00000000e7560da8,0x00000000eda00000)
Event: 23,797 GC heap after
Heap after GC invocations=8 (full 0):
 PSYoungGen      total 68096K, used 13498K [0x00000000faa80000, 0x0000000100000000, 0x0000000100000000)
  eden space 51200K, 0% used [0x00000000faa80000,0x00000000faa80000,0x00000000fdc80000)
  from space 16896K, 79% used [0x00000000fed80000,0x00000000ffaaeb60,0x00000000ffe00000)
  to   space 17408K, 0% used [0x00000000fdc80000,0x00000000fdc80000,0x00000000fed80000)
 ParOldGen       total 83968K, used 30769K [0x00000000f0000000, 0x00000000f5200000, 0x00000000faa80000)
  object space 83968K, 36% used [0x00000000f0000000,0x00000000f1e0c6f8,0x00000000f5200000)
 PSPermGen       total 131072K, used 28035K [0x00000000e5a00000, 0x00000000eda00000, 0x00000000f0000000)
  object space 131072K, 21% used [0x00000000e5a00000,0x00000000e7560da8,0x00000000eda00000)
}
Event: 32,522 GC heap before
{Heap before GC invocations=9 (full 0):
 PSYoungGen      total 68096K, used 64698K [0x00000000faa80000, 0x0000000100000000, 0x0000000100000000)
  eden space 51200K, 100% used [0x00000000faa80000,0x00000000fdc80000,0x00000000fdc80000)
  from space 16896K, 79% used [0x00000000fed80000,0x00000000ffaaeb60,0x00000000ffe00000)
  to   space 17408K, 0% used [0x00000000fdc80000,0x00000000fdc80000,0x00000000fed80000)
 ParOldGen       total 83968K, used 30769K [0x00000000f0000000, 0x00000000f5200000, 0x00000000faa80000)
  object space 83968K, 36% used [0x00000000f0000000,0x00000000f1e0c6f8,0x00000000f5200000)
 PSPermGen       total 131072K, used 42043K [0x00000000e5a00000, 0x00000000eda00000, 0x00000000f0000000)
  object space 131072K, 32% used [0x00000000e5a00000,0x00000000e830ee40,0x00000000eda00000)
Event: 32,630 GC heap after
Heap after GC invocations=9 (full 0):
 PSYoungGen      total 68608K, used 17390K [0x00000000faa80000, 0x0000000100000000, 0x0000000100000000)
  eden space 51200K, 0% used [0x00000000faa80000,0x00000000faa80000,0x00000000fdc80000)
  from space 17408K, 99% used [0x00000000fdc80000,0x00000000fed7b948,0x00000000fed80000)
  to   space 18944K, 0% used [0x00000000fed80000,0x00000000fed80000,0x0000000100000000)
 ParOldGen       total 83968K, used 37301K [0x00000000f0000000, 0x00000000f5200000, 0x00000000faa80000)
  object space 83968K, 44% used [0x00000000f0000000,0x00000000f246d688,0x00000000f5200000)
 PSPermGen       total 131072K, used 42043K [0x00000000e5a00000, 0x00000000eda00000, 0x00000000f0000000)
  object space 131072K, 32% used [0x00000000e5a00000,0x00000000e830ee40,0x00000000eda00000)
}

