# JRE version: OpenJDK Runtime Environment (7.0_65-b32) (build 1.7.0_65-b32)
# Java VM: OpenJDK 64-Bit Server VM (24.65-b04 mixed mode linux-amd64 compressed oops)
Heap
 PSYoungGen      total 69632K, used 20181K [0x00000000faa80000, 0x0000000100000000, 0x0000000100000000)
  eden space 53248K, 8% used [0x00000000faa80000,0x00000000faead188,0x00000000fde80000)
  from space 16384K, 97% used [0x00000000fde80000,0x00000000fee08460,0x00000000fee80000)
  to   space 17920K, 0% used [0x00000000fee80000,0x00000000fee80000,0x0000000100000000)
 ParOldGen       total 83968K, used 41937K [0x00000000f0000000, 0x00000000f5200000, 0x00000000faa80000)
  object space 83968K, 49% used [0x00000000f0000000,0x00000000f28f4418,0x00000000f5200000)
 PSPermGen       total 131072K, used 47287K [0x00000000e5a00000, 0x00000000eda00000, 0x00000000f0000000)
  object space 131072K, 36% used [0x00000000e5a00000,0x00000000e882dec8,0x00000000eda00000)
GC Heap History (10 events):
Event: 4,248 GC heap before
{Heap before GC invocations=7 (full 0):
 PSYoungGen      total 70144K, used 62992K [0x00000000faa80000, 0x0000000100000000, 0x0000000100000000)
  eden space 51712K, 100% used [0x00000000faa80000,0x00000000fdd00000,0x00000000fdd00000)
  from space 18432K, 61% used [0x00000000fee00000,0x00000000ff904248,0x0000000100000000)
  to   space 17408K, 0% used [0x00000000fdd00000,0x00000000fdd00000,0x00000000fee00000)
 ParOldGen       total 83968K, used 28001K [0x00000000f0000000, 0x00000000f5200000, 0x00000000faa80000)
  object space 83968K, 33% used [0x00000000f0000000,0x00000000f1b584a8,0x00000000f5200000)
 PSPermGen       total 131072K, used 22490K [0x00000000e5a00000, 0x00000000eda00000, 0x00000000f0000000)
  object space 131072K, 17% used [0x00000000e5a00000,0x00000000e6ff6990,0x00000000eda00000)
Event: 4,260 GC heap after
Heap after GC invocations=7 (full 0):
 PSYoungGen      total 62976K, used 10980K [0x00000000faa80000, 0x00000000ffe00000, 0x0000000100000000)
  eden space 51712K, 0% used [0x00000000faa80000,0x00000000faa80000,0x00000000fdd00000)
  from space 11264K, 97% used [0x00000000fdd00000,0x00000000fe7b9138,0x00000000fe800000)
  to   space 16896K, 0% used [0x00000000fed80000,0x00000000fed80000,0x00000000ffe00000)
 ParOldGen       total 83968K, used 29619K [0x00000000f0000000, 0x00000000f5200000, 0x00000000faa80000)
  object space 83968K, 35% used [0x00000000f0000000,0x00000000f1cece40,0x00000000f5200000)
 PSPermGen       total 131072K, used 22490K [0x00000000e5a00000, 0x00000000eda00000, 0x00000000f0000000)
  object space 131072K, 17% used [0x00000000e5a00000,0x00000000e6ff6990,0x00000000eda00000)
}
Event: 5,011 GC heap before
{Heap before GC invocations=8 (full 0):
 PSYoungGen      total 62976K, used 62692K [0x00000000faa80000, 0x00000000ffe00000, 0x0000000100000000)
  eden space 51712K, 100% used [0x00000000faa80000,0x00000000fdd00000,0x00000000fdd00000)
  from space 11264K, 97% used [0x00000000fdd00000,0x00000000fe7b9138,0x00000000fe800000)
  to   space 16896K, 0% used [0x00000000fed80000,0x00000000fed80000,0x00000000ffe00000)
 ParOldGen       total 83968K, used 29619K [0x00000000f0000000, 0x00000000f5200000, 0x00000000faa80000)
  object space 83968K, 35% used [0x00000000f0000000,0x00000000f1cece40,0x00000000f5200000)
 PSPermGen       total 131072K, used 23580K [0x00000000e5a00000, 0x00000000eda00000, 0x00000000f0000000)
  object space 131072K, 17% used [0x00000000e5a00000,0x00000000e7107168,0x00000000eda00000)
Event: 5,022 GC heap after
Heap after GC invocations=8 (full 0):
 PSYoungGen      total 68608K, used 6349K [0x00000000faa80000, 0x0000000100000000, 0x0000000100000000)
  eden space 51712K, 0% used [0x00000000faa80000,0x00000000faa80000,0x00000000fdd00000)
  from space 16896K, 37% used [0x00000000fed80000,0x00000000ff3b36f8,0x00000000ffe00000)
  to   space 16896K, 0% used [0x00000000fdd00000,0x00000000fdd00000,0x00000000fed80000)
 ParOldGen       total 83968K, used 30568K [0x00000000f0000000, 0x00000000f5200000, 0x00000000faa80000)
  object space 83968K, 36% used [0x00000000f0000000,0x00000000f1dda2c8,0x00000000f5200000)
 PSPermGen       total 131072K, used 23580K [0x00000000e5a00000, 0x00000000eda00000, 0x00000000f0000000)
  object space 131072K, 17% used [0x00000000e5a00000,0x00000000e7107168,0x00000000eda00000)
}
Event: 5,504 GC heap before
{Heap before GC invocations=9 (full 0):
 PSYoungGen      total 68608K, used 58061K [0x00000000faa80000, 0x0000000100000000, 0x0000000100000000)
  eden space 51712K, 100% used [0x00000000faa80000,0x00000000fdd00000,0x00000000fdd00000)
  from space 16896K, 37% used [0x00000000fed80000,0x00000000ff3b36f8,0x00000000ffe00000)
  to   space 16896K, 0% used [0x00000000fdd00000,0x00000000fdd00000,0x00000000fed80000)
 ParOldGen       total 83968K, used 30568K [0x00000000f0000000, 0x00000000f5200000, 0x00000000faa80000)
  object space 83968K, 36% used [0x00000000f0000000,0x00000000f1dda2c8,0x00000000f5200000)
 PSPermGen       total 131072K, used 25179K [0x00000000e5a00000, 0x00000000eda00000, 0x00000000f0000000)
  object space 131072K, 19% used [0x00000000e5a00000,0x00000000e7296e70,0x00000000eda00000)
Event: 5,516 GC heap after
Heap after GC invocations=9 (full 0):
 PSYoungGen      total 68608K, used 4342K [0x00000000faa80000, 0x0000000100000000, 0x0000000100000000)
  eden space 51712K, 0% used [0x00000000faa80000,0x00000000faa80000,0x00000000fdd00000)
  from space 16896K, 25% used [0x00000000fdd00000,0x00000000fe13db90,0x00000000fed80000)
  to   space 17408K, 0% used [0x00000000fef00000,0x00000000fef00000,0x0000000100000000)
 ParOldGen       total 83968K, used 33340K [0x00000000f0000000, 0x00000000f5200000, 0x00000000faa80000)
  object space 83968K, 39% used [0x00000000f0000000,0x00000000f208f318,0x00000000f5200000)
 PSPermGen       total 131072K, used 25179K [0x00000000e5a00000, 0x00000000eda00000, 0x00000000f0000000)
  object space 131072K, 19% used [0x00000000e5a00000,0x00000000e7296e70,0x00000000eda00000)
}
Event: 6,795 GC heap before
{Heap before GC invocations=10 (full 0):
 PSYoungGen      total 68608K, used 56054K [0x00000000faa80000, 0x0000000100000000, 0x0000000100000000)
  eden space 51712K, 100% used [0x00000000faa80000,0x00000000fdd00000,0x00000000fdd00000)
  from space 16896K, 25% used [0x00000000fdd00000,0x00000000fe13db90,0x00000000fed80000)
  to   space 17408K, 0% used [0x00000000fef00000,0x00000000fef00000,0x0000000100000000)
 ParOldGen       total 83968K, used 33340K [0x00000000f0000000, 0x00000000f5200000, 0x00000000faa80000)
  object space 83968K, 39% used [0x00000000f0000000,0x00000000f208f318,0x00000000f5200000)
 PSPermGen       total 131072K, used 32359K [0x00000000e5a00000, 0x00000000eda00000, 0x00000000f0000000)
  object space 131072K, 24% used [0x00000000e5a00000,0x00000000e7999d78,0x00000000eda00000)
Event: 6,808 GC heap after
Heap after GC invocations=10 (full 0):
 PSYoungGen      total 70144K, used 10860K [0x00000000faa80000, 0x00000000fff80000, 0x0000000100000000)
  eden space 53248K, 0% used [0x00000000faa80000,0x00000000faa80000,0x00000000fde80000)
  from space 16896K, 64% used [0x00000000fef00000,0x00000000ff99b098,0x00000000fff80000)
  to   space 16896K, 0% used [0x00000000fde80000,0x00000000fde80000,0x00000000fef00000)
 ParOldGen       total 83968K, used 35942K [0x00000000f0000000, 0x00000000f5200000, 0x00000000faa80000)
  object space 83968K, 42% used [0x00000000f0000000,0x00000000f2319810,0x00000000f5200000)
 PSPermGen       total 131072K, used 32359K [0x00000000e5a00000, 0x00000000eda00000, 0x00000000f0000000)
  object space 131072K, 24% used [0x00000000e5a00000,0x00000000e7999d78,0x00000000eda00000)
}
Event: 8,819 GC heap before
{Heap before GC invocations=11 (full 0):
 PSYoungGen      total 70144K, used 64108K [0x00000000faa80000, 0x00000000fff80000, 0x0000000100000000)
  eden space 53248K, 100% used [0x00000000faa80000,0x00000000fde80000,0x00000000fde80000)
  from space 16896K, 64% used [0x00000000fef00000,0x00000000ff99b098,0x00000000fff80000)
  to   space 16896K, 0% used [0x00000000fde80000,0x00000000fde80000,0x00000000fef00000)
 ParOldGen       total 83968K, used 35942K [0x00000000f0000000, 0x00000000f5200000, 0x00000000faa80000)
  object space 83968K, 42% used [0x00000000f0000000,0x00000000f2319810,0x00000000f5200000)
 PSPermGen       total 131072K, used 46284K [0x00000000e5a00000, 0x00000000eda00000, 0x00000000f0000000)
  object space 131072K, 35% used [0x00000000e5a00000,0x00000000e8733330,0x00000000eda00000)
Event: 8,843 GC heap after
Heap after GC invocations=11 (full 0):
 PSYoungGen      total 69632K, used 15905K [0x00000000faa80000, 0x0000000100000000, 0x0000000100000000)
  eden space 53248K, 0% used [0x00000000faa80000,0x00000000faa80000,0x00000000fde80000)
  from space 16384K, 97% used [0x00000000fde80000,0x00000000fee08460,0x00000000fee80000)
  to   space 17920K, 0% used [0x00000000fee80000,0x00000000fee80000,0x0000000100000000)
 ParOldGen       total 83968K, used 41937K [0x00000000f0000000, 0x00000000f5200000, 0x00000000faa80000)
  object space 83968K, 49% used [0x00000000f0000000,0x00000000f28f4418,0x00000000f5200000)
 PSPermGen       total 131072K, used 46284K [0x00000000e5a00000, 0x00000000eda00000, 0x00000000f0000000)
  object space 131072K, 35% used [0x00000000e5a00000,0x00000000e8733330,0x00000000eda00000)
}

