# JRE version: OpenJDK Runtime Environment (7.0_65-b32) (build 1.7.0_65-b32)
# Java VM: OpenJDK 64-Bit Server VM (24.65-b04 mixed mode linux-amd64 compressed oops)
Heap
 PSYoungGen      total 70656K, used 61848K [0x00000000faa80000, 0x0000000100000000, 0x0000000100000000)
  eden space 56832K, 84% used [0x00000000faa80000,0x00000000fd968ed0,0x00000000fe200000)
  from space 13824K, 99% used [0x00000000ff280000,0x00000000ffffd3c8,0x0000000100000000)
  to   space 15360K, 0% used [0x00000000fe200000,0x00000000fe200000,0x00000000ff100000)
 ParOldGen       total 83968K, used 30700K [0x00000000f0000000, 0x00000000f5200000, 0x00000000faa80000)
  object space 83968K, 36% used [0x00000000f0000000,0x00000000f1dfb0b8,0x00000000f5200000)
 PSPermGen       total 131072K, used 44407K [0x00000000e5a00000, 0x00000000eda00000, 0x00000000f0000000)
  object space 131072K, 33% used [0x00000000e5a00000,0x00000000e855df48,0x00000000eda00000)
GC Heap History (10 events):
Event: 6,996 GC heap before
{Heap before GC invocations=6 (full 0):
 PSYoungGen      total 36352K, used 36352K [0x00000000faa80000, 0x00000000fe400000, 0x0000000100000000)
  eden space 31232K, 100% used [0x00000000faa80000,0x00000000fc900000,0x00000000fc900000)
  from space 5120K, 100% used [0x00000000fc980000,0x00000000fce80000,0x00000000fce80000)
  to   space 13824K, 0% used [0x00000000fd680000,0x00000000fd680000,0x00000000fe400000)
 ParOldGen       total 83968K, used 20955K [0x00000000f0000000, 0x00000000f5200000, 0x00000000faa80000)
  object space 83968K, 24% used [0x00000000f0000000,0x00000000f1476d20,0x00000000f5200000)
 PSPermGen       total 131072K, used 19728K [0x00000000e5a00000, 0x00000000eda00000, 0x00000000f0000000)
  object space 131072K, 15% used [0x00000000e5a00000,0x00000000e6d441c0,0x00000000eda00000)
Event: 7,018 GC heap after
Heap after GC invocations=6 (full 0):
 PSYoungGen      total 44032K, used 12213K [0x00000000faa80000, 0x0000000100000000, 0x0000000100000000)
  eden space 30208K, 0% used [0x00000000faa80000,0x00000000faa80000,0x00000000fc800000)
  from space 13824K, 88% used [0x00000000fd680000,0x00000000fe26d6e8,0x00000000fe400000)
  to   space 14848K, 0% used [0x00000000fc800000,0x00000000fc800000,0x00000000fd680000)
 ParOldGen       total 83968K, used 20955K [0x00000000f0000000, 0x00000000f5200000, 0x00000000faa80000)
  object space 83968K, 24% used [0x00000000f0000000,0x00000000f1476d20,0x00000000f5200000)
 PSPermGen       total 131072K, used 19728K [0x00000000e5a00000, 0x00000000eda00000, 0x00000000f0000000)
  object space 131072K, 15% used [0x00000000e5a00000,0x00000000e6d441c0,0x00000000eda00000)
}
Event: 7,100 GC heap before
{Heap before GC invocations=7 (full 0):
 PSYoungGen      total 44032K, used 42421K [0x00000000faa80000, 0x0000000100000000, 0x0000000100000000)
  eden space 30208K, 100% used [0x00000000faa80000,0x00000000fc800000,0x00000000fc800000)
  from space 13824K, 88% used [0x00000000fd680000,0x00000000fe26d6e8,0x00000000fe400000)
  to   space 14848K, 0% used [0x00000000fc800000,0x00000000fc800000,0x00000000fd680000)
 ParOldGen       total 83968K, used 20955K [0x00000000f0000000, 0x00000000f5200000, 0x00000000faa80000)
  object space 83968K, 24% used [0x00000000f0000000,0x00000000f1476d20,0x00000000f5200000)
 PSPermGen       total 131072K, used 19734K [0x00000000e5a00000, 0x00000000eda00000, 0x00000000f0000000)
  object space 131072K, 15% used [0x00000000e5a00000,0x00000000e6d45a18,0x00000000eda00000)
Event: 7,113 GC heap after
Heap after GC invocations=7 (full 0):
 PSYoungGen      total 45056K, used 9736K [0x00000000faa80000, 0x0000000100000000, 0x0000000100000000)
  eden space 30208K, 0% used [0x00000000faa80000,0x00000000faa80000,0x00000000fc800000)
  from space 14848K, 65% used [0x00000000fc800000,0x00000000fd182108,0x00000000fd680000)
  to   space 14336K, 0% used [0x00000000ff200000,0x00000000ff200000,0x0000000100000000)
 ParOldGen       total 83968K, used 23262K [0x00000000f0000000, 0x00000000f5200000, 0x00000000faa80000)
  object space 83968K, 27% used [0x00000000f0000000,0x00000000f16b7870,0x00000000f5200000)
 PSPermGen       total 131072K, used 19734K [0x00000000e5a00000, 0x00000000eda00000, 0x00000000f0000000)
  object space 131072K, 15% used [0x00000000e5a00000,0x00000000e6d45a18,0x00000000eda00000)
}
Event: 7,266 GC heap before
{Heap before GC invocations=8 (full 0):
 PSYoungGen      total 45056K, used 39944K [0x00000000faa80000, 0x0000000100000000, 0x0000000100000000)
  eden space 30208K, 100% used [0x00000000faa80000,0x00000000fc800000,0x00000000fc800000)
  from space 14848K, 65% used [0x00000000fc800000,0x00000000fd182108,0x00000000fd680000)
  to   space 14336K, 0% used [0x00000000ff200000,0x00000000ff200000,0x0000000100000000)
 ParOldGen       total 83968K, used 23262K [0x00000000f0000000, 0x00000000f5200000, 0x00000000faa80000)
  object space 83968K, 27% used [0x00000000f0000000,0x00000000f16b7870,0x00000000f5200000)
 PSPermGen       total 131072K, used 19761K [0x00000000e5a00000, 0x00000000eda00000, 0x00000000f0000000)
  object space 131072K, 15% used [0x00000000e5a00000,0x00000000e6d4c4e8,0x00000000eda00000)
Event: 7,278 GC heap after
Heap after GC invocations=8 (full 0):
 PSYoungGen      total 71168K, used 8429K [0x00000000faa80000, 0x00000000ffe80000, 0x0000000100000000)
  eden space 58368K, 0% used [0x00000000faa80000,0x00000000faa80000,0x00000000fe380000)
  from space 12800K, 65% used [0x00000000ff200000,0x00000000ffa3b508,0x00000000ffe80000)
  to   space 13824K, 0% used [0x00000000fe380000,0x00000000fe380000,0x00000000ff100000)
 ParOldGen       total 83968K, used 25051K [0x00000000f0000000, 0x00000000f5200000, 0x00000000faa80000)
  object space 83968K, 29% used [0x00000000f0000000,0x00000000f1876f28,0x00000000f5200000)
 PSPermGen       total 131072K, used 19761K [0x00000000e5a00000, 0x00000000eda00000, 0x00000000f0000000)
  object space 131072K, 15% used [0x00000000e5a00000,0x00000000e6d4c4e8,0x00000000eda00000)
}
Event: 8,119 GC heap before
{Heap before GC invocations=9 (full 0):
 PSYoungGen      total 71168K, used 66797K [0x00000000faa80000, 0x00000000ffe80000, 0x0000000100000000)
  eden space 58368K, 100% used [0x00000000faa80000,0x00000000fe380000,0x00000000fe380000)
  from space 12800K, 65% used [0x00000000ff200000,0x00000000ffa3b508,0x00000000ffe80000)
  to   space 13824K, 0% used [0x00000000fe380000,0x00000000fe380000,0x00000000ff100000)
 ParOldGen       total 83968K, used 25051K [0x00000000f0000000, 0x00000000f5200000, 0x00000000faa80000)
  object space 83968K, 29% used [0x00000000f0000000,0x00000000f1876f28,0x00000000f5200000)
 PSPermGen       total 131072K, used 22156K [0x00000000e5a00000, 0x00000000eda00000, 0x00000000f0000000)
  object space 131072K, 16% used [0x00000000e5a00000,0x00000000e6fa31a0,0x00000000eda00000)
Event: 8,132 GC heap after
Heap after GC invocations=9 (full 0):
 PSYoungGen      total 72192K, used 8044K [0x00000000faa80000, 0x0000000100000000, 0x0000000100000000)
  eden space 58368K, 0% used [0x00000000faa80000,0x00000000faa80000,0x00000000fe380000)
  from space 13824K, 58% used [0x00000000fe380000,0x00000000feb5b090,0x00000000ff100000)
  to   space 13824K, 0% used [0x00000000ff280000,0x00000000ff280000,0x0000000100000000)
 ParOldGen       total 83968K, used 30011K [0x00000000f0000000, 0x00000000f5200000, 0x00000000faa80000)
  object space 83968K, 35% used [0x00000000f0000000,0x00000000f1d4ef68,0x00000000f5200000)
 PSPermGen       total 131072K, used 22156K [0x00000000e5a00000, 0x00000000eda00000, 0x00000000f0000000)
  object space 131072K, 16% used [0x00000000e5a00000,0x00000000e6fa31a0,0x00000000eda00000)
}
Event: 10,400 GC heap before
{Heap before GC invocations=10 (full 0):
 PSYoungGen      total 72192K, used 66412K [0x00000000faa80000, 0x0000000100000000, 0x0000000100000000)
  eden space 58368K, 100% used [0x00000000faa80000,0x00000000fe380000,0x00000000fe380000)
  from space 13824K, 58% used [0x00000000fe380000,0x00000000feb5b090,0x00000000ff100000)
  to   space 13824K, 0% used [0x00000000ff280000,0x00000000ff280000,0x0000000100000000)
 ParOldGen       total 83968K, used 30011K [0x00000000f0000000, 0x00000000f5200000, 0x00000000faa80000)
  object space 83968K, 35% used [0x00000000f0000000,0x00000000f1d4ef68,0x00000000f5200000)
 PSPermGen       total 131072K, used 31921K [0x00000000e5a00000, 0x00000000eda00000, 0x00000000f0000000)
  object space 131072K, 24% used [0x00000000e5a00000,0x00000000e792c650,0x00000000eda00000)
Event: 10,423 GC heap after
Heap after GC invocations=10 (full 0):
 PSYoungGen      total 70656K, used 13812K [0x00000000faa80000, 0x0000000100000000, 0x0000000100000000)
  eden space 56832K, 0% used [0x00000000faa80000,0x00000000faa80000,0x00000000fe200000)
  from space 13824K, 99% used [0x00000000ff280000,0x00000000ffffd3c8,0x0000000100000000)
  to   space 15360K, 0% used [0x00000000fe200000,0x00000000fe200000,0x00000000ff100000)
 ParOldGen       total 83968K, used 30700K [0x00000000f0000000, 0x00000000f5200000, 0x00000000faa80000)
  object space 83968K, 36% used [0x00000000f0000000,0x00000000f1dfb0b8,0x00000000f5200000)
 PSPermGen       total 131072K, used 31921K [0x00000000e5a00000, 0x00000000eda00000, 0x00000000f0000000)
  object space 131072K, 24% used [0x00000000e5a00000,0x00000000e792c650,0x00000000eda00000)
}

