# JRE version: OpenJDK Runtime Environment (7.0_65-b32) (build 1.7.0_65-b32)
# Java VM: OpenJDK 64-Bit Server VM (24.65-b04 mixed mode linux-amd64 compressed oops)
Heap
 PSYoungGen      total 70656K, used 63273K [0x00000000faa80000, 0x0000000100000000, 0x0000000100000000)
  eden space 56832K, 87% used [0x00000000faa80000,0x00000000fdacfd10,0x00000000fe200000)
  from space 13824K, 99% used [0x00000000ff280000,0x00000000ffffaa10,0x0000000100000000)
  to   space 15360K, 0% used [0x00000000fe200000,0x00000000fe200000,0x00000000ff100000)
 ParOldGen       total 83968K, used 30252K [0x00000000f0000000, 0x00000000f5200000, 0x00000000faa80000)
  object space 83968K, 36% used [0x00000000f0000000,0x00000000f1d8b028,0x00000000f5200000)
 PSPermGen       total 131072K, used 44409K [0x00000000e5a00000, 0x00000000eda00000, 0x00000000f0000000)
  object space 131072K, 33% used [0x00000000e5a00000,0x00000000e855e6f8,0x00000000eda00000)
GC Heap History (10 events):
Event: 6,926 GC heap before
{Heap before GC invocations=6 (full 0):
 PSYoungGen      total 36352K, used 36336K [0x00000000faa80000, 0x00000000fe400000, 0x0000000100000000)
  eden space 31232K, 100% used [0x00000000faa80000,0x00000000fc900000,0x00000000fc900000)
  from space 5120K, 99% used [0x00000000fc980000,0x00000000fce7c030,0x00000000fce80000)
  to   space 13824K, 0% used [0x00000000fd680000,0x00000000fd680000,0x00000000fe400000)
 ParOldGen       total 83968K, used 20712K [0x00000000f0000000, 0x00000000f5200000, 0x00000000faa80000)
  object space 83968K, 24% used [0x00000000f0000000,0x00000000f143a368,0x00000000f5200000)
 PSPermGen       total 131072K, used 19729K [0x00000000e5a00000, 0x00000000eda00000, 0x00000000f0000000)
  object space 131072K, 15% used [0x00000000e5a00000,0x00000000e6d446f0,0x00000000eda00000)
Event: 6,939 GC heap after
Heap after GC invocations=6 (full 0):
 PSYoungGen      total 44032K, used 12165K [0x00000000faa80000, 0x00000000fe580000, 0x0000000100000000)
  eden space 30208K, 0% used [0x00000000faa80000,0x00000000faa80000,0x00000000fc800000)
  from space 13824K, 88% used [0x00000000fd680000,0x00000000fe2616f8,0x00000000fe400000)
  to   space 14848K, 0% used [0x00000000fc800000,0x00000000fc800000,0x00000000fd680000)
 ParOldGen       total 83968K, used 20712K [0x00000000f0000000, 0x00000000f5200000, 0x00000000faa80000)
  object space 83968K, 24% used [0x00000000f0000000,0x00000000f143a368,0x00000000f5200000)
 PSPermGen       total 131072K, used 19729K [0x00000000e5a00000, 0x00000000eda00000, 0x00000000f0000000)
  object space 131072K, 15% used [0x00000000e5a00000,0x00000000e6d446f0,0x00000000eda00000)
}
Event: 7,018 GC heap before
{Heap before GC invocations=7 (full 0):
 PSYoungGen      total 44032K, used 42373K [0x00000000faa80000, 0x00000000fe580000, 0x0000000100000000)
  eden space 30208K, 100% used [0x00000000faa80000,0x00000000fc800000,0x00000000fc800000)
  from space 13824K, 88% used [0x00000000fd680000,0x00000000fe2616f8,0x00000000fe400000)
  to   space 14848K, 0% used [0x00000000fc800000,0x00000000fc800000,0x00000000fd680000)
 ParOldGen       total 83968K, used 20712K [0x00000000f0000000, 0x00000000f5200000, 0x00000000faa80000)
  object space 83968K, 24% used [0x00000000f0000000,0x00000000f143a368,0x00000000f5200000)
 PSPermGen       total 131072K, used 19735K [0x00000000e5a00000, 0x00000000eda00000, 0x00000000f0000000)
  object space 131072K, 15% used [0x00000000e5a00000,0x00000000e6d45f48,0x00000000eda00000)
Event: 7,028 GC heap after
Heap after GC invocations=7 (full 0):
 PSYoungGen      total 45056K, used 9256K [0x00000000faa80000, 0x0000000100000000, 0x0000000100000000)
  eden space 30208K, 0% used [0x00000000faa80000,0x00000000faa80000,0x00000000fc800000)
  from space 14848K, 62% used [0x00000000fc800000,0x00000000fd10a108,0x00000000fd680000)
  to   space 14336K, 0% used [0x00000000ff200000,0x00000000ff200000,0x0000000100000000)
 ParOldGen       total 83968K, used 23428K [0x00000000f0000000, 0x00000000f5200000, 0x00000000faa80000)
  object space 83968K, 27% used [0x00000000f0000000,0x00000000f16e1218,0x00000000f5200000)
 PSPermGen       total 131072K, used 19735K [0x00000000e5a00000, 0x00000000eda00000, 0x00000000f0000000)
  object space 131072K, 15% used [0x00000000e5a00000,0x00000000e6d45f48,0x00000000eda00000)
}
Event: 7,155 GC heap before
{Heap before GC invocations=8 (full 0):
 PSYoungGen      total 45056K, used 39464K [0x00000000faa80000, 0x0000000100000000, 0x0000000100000000)
  eden space 30208K, 100% used [0x00000000faa80000,0x00000000fc800000,0x00000000fc800000)
  from space 14848K, 62% used [0x00000000fc800000,0x00000000fd10a108,0x00000000fd680000)
  to   space 14336K, 0% used [0x00000000ff200000,0x00000000ff200000,0x0000000100000000)
 ParOldGen       total 83968K, used 23428K [0x00000000f0000000, 0x00000000f5200000, 0x00000000faa80000)
  object space 83968K, 27% used [0x00000000f0000000,0x00000000f16e1218,0x00000000f5200000)
 PSPermGen       total 131072K, used 19765K [0x00000000e5a00000, 0x00000000eda00000, 0x00000000f0000000)
  object space 131072K, 15% used [0x00000000e5a00000,0x00000000e6d4d658,0x00000000eda00000)
Event: 7,164 GC heap after
Heap after GC invocations=8 (full 0):
 PSYoungGen      total 71168K, used 8115K [0x00000000faa80000, 0x00000000ffe80000, 0x0000000100000000)
  eden space 58368K, 0% used [0x00000000faa80000,0x00000000faa80000,0x00000000fe380000)
  from space 12800K, 63% used [0x00000000ff200000,0x00000000ff9ecc80,0x00000000ffe80000)
  to   space 13824K, 0% used [0x00000000fe380000,0x00000000fe380000,0x00000000ff100000)
 ParOldGen       total 83968K, used 25126K [0x00000000f0000000, 0x00000000f5200000, 0x00000000faa80000)
  object space 83968K, 29% used [0x00000000f0000000,0x00000000f1889a18,0x00000000f5200000)
 PSPermGen       total 131072K, used 19765K [0x00000000e5a00000, 0x00000000eda00000, 0x00000000f0000000)
  object space 131072K, 15% used [0x00000000e5a00000,0x00000000e6d4d658,0x00000000eda00000)
}
Event: 7,947 GC heap before
{Heap before GC invocations=9 (full 0):
 PSYoungGen      total 71168K, used 66483K [0x00000000faa80000, 0x00000000ffe80000, 0x0000000100000000)
  eden space 58368K, 100% used [0x00000000faa80000,0x00000000fe380000,0x00000000fe380000)
  from space 12800K, 63% used [0x00000000ff200000,0x00000000ff9ecc80,0x00000000ffe80000)
  to   space 13824K, 0% used [0x00000000fe380000,0x00000000fe380000,0x00000000ff100000)
 ParOldGen       total 83968K, used 25126K [0x00000000f0000000, 0x00000000f5200000, 0x00000000faa80000)
  object space 83968K, 29% used [0x00000000f0000000,0x00000000f1889a18,0x00000000f5200000)
 PSPermGen       total 131072K, used 22040K [0x00000000e5a00000, 0x00000000eda00000, 0x00000000f0000000)
  object space 131072K, 16% used [0x00000000e5a00000,0x00000000e6f86160,0x00000000eda00000)
Event: 7,958 GC heap after
Heap after GC invocations=9 (full 0):
 PSYoungGen      total 72192K, used 7802K [0x00000000faa80000, 0x0000000100000000, 0x0000000100000000)
  eden space 58368K, 0% used [0x00000000faa80000,0x00000000faa80000,0x00000000fe380000)
  from space 13824K, 56% used [0x00000000fe380000,0x00000000feb1e8c0,0x00000000ff100000)
  to   space 13824K, 0% used [0x00000000ff280000,0x00000000ff280000,0x0000000100000000)
 ParOldGen       total 83968K, used 29794K [0x00000000f0000000, 0x00000000f5200000, 0x00000000faa80000)
  object space 83968K, 35% used [0x00000000f0000000,0x00000000f1d18a88,0x00000000f5200000)
 PSPermGen       total 131072K, used 22040K [0x00000000e5a00000, 0x00000000eda00000, 0x00000000f0000000)
  object space 131072K, 16% used [0x00000000e5a00000,0x00000000e6f86160,0x00000000eda00000)
}
Event: 10,487 GC heap before
{Heap before GC invocations=10 (full 0):
 PSYoungGen      total 72192K, used 66170K [0x00000000faa80000, 0x0000000100000000, 0x0000000100000000)
  eden space 58368K, 100% used [0x00000000faa80000,0x00000000fe380000,0x00000000fe380000)
  from space 13824K, 56% used [0x00000000fe380000,0x00000000feb1e8c0,0x00000000ff100000)
  to   space 13824K, 0% used [0x00000000ff280000,0x00000000ff280000,0x0000000100000000)
 ParOldGen       total 83968K, used 29794K [0x00000000f0000000, 0x00000000f5200000, 0x00000000faa80000)
  object space 83968K, 35% used [0x00000000f0000000,0x00000000f1d18a88,0x00000000f5200000)
 PSPermGen       total 131072K, used 31715K [0x00000000e5a00000, 0x00000000eda00000, 0x00000000f0000000)
  object space 131072K, 24% used [0x00000000e5a00000,0x00000000e78f8dd0,0x00000000eda00000)
Event: 10,500 GC heap after
Heap after GC invocations=10 (full 0):
 PSYoungGen      total 70656K, used 13802K [0x00000000faa80000, 0x0000000100000000, 0x0000000100000000)
  eden space 56832K, 0% used [0x00000000faa80000,0x00000000faa80000,0x00000000fe200000)
  from space 13824K, 99% used [0x00000000ff280000,0x00000000ffffaa10,0x0000000100000000)
  to   space 15360K, 0% used [0x00000000fe200000,0x00000000fe200000,0x00000000ff100000)
 ParOldGen       total 83968K, used 30252K [0x00000000f0000000, 0x00000000f5200000, 0x00000000faa80000)
  object space 83968K, 36% used [0x00000000f0000000,0x00000000f1d8b028,0x00000000f5200000)
 PSPermGen       total 131072K, used 31715K [0x00000000e5a00000, 0x00000000eda00000, 0x00000000f0000000)
  object space 131072K, 24% used [0x00000000e5a00000,0x00000000e78f8dd0,0x00000000eda00000)
}

