# JRE version: OpenJDK Runtime Environment (7.0_65-b32) (build 1.7.0_65-b32)
# Java VM: OpenJDK 64-Bit Server VM (24.65-b04 mixed mode linux-amd64 compressed oops)
Heap
 PSYoungGen      total 68096K, used 26140K [0x00000000faa80000, 0x0000000100000000, 0x0000000100000000)
  eden space 50688K, 17% used [0x00000000faa80000,0x00000000fb308800,0x00000000fdc00000)
  from space 17408K, 99% used [0x00000000fdc00000,0x00000000fecfe900,0x00000000fed00000)
  to   space 19456K, 0% used [0x00000000fed00000,0x00000000fed00000,0x0000000100000000)
 ParOldGen       total 83968K, used 36339K [0x00000000f0000000, 0x00000000f5200000, 0x00000000faa80000)
  object space 83968K, 43% used [0x00000000f0000000,0x00000000f237ced8,0x00000000f5200000)
 PSPermGen       total 131072K, used 44009K [0x00000000e5a00000, 0x00000000eda00000, 0x00000000f0000000)
  object space 131072K, 33% used [0x00000000e5a00000,0x00000000e84fa530,0x00000000eda00000)
GC Heap History (10 events):
Event: 3,321 GC heap before
{Heap before GC invocations=5 (full 0):
 PSYoungGen      total 68608K, used 68592K [0x00000000faa80000, 0x00000000ff280000, 0x0000000100000000)
  eden space 63488K, 100% used [0x00000000faa80000,0x00000000fe880000,0x00000000fe880000)
  from space 5120K, 99% used [0x00000000fed80000,0x00000000ff27c010,0x00000000ff280000)
  to   space 5120K, 0% used [0x00000000fe880000,0x00000000fe880000,0x00000000fed80000)
 ParOldGen       total 83968K, used 11116K [0x00000000f0000000, 0x00000000f5200000, 0x00000000faa80000)
  object space 83968K, 13% used [0x00000000f0000000,0x00000000f0adb250,0x00000000f5200000)
 PSPermGen       total 131072K, used 19737K [0x00000000e5a00000, 0x00000000eda00000, 0x00000000f0000000)
  object space 131072K, 15% used [0x00000000e5a00000,0x00000000e6d46758,0x00000000eda00000)
Event: 3,345 GC heap after
Heap after GC invocations=5 (full 0):
 PSYoungGen      total 68608K, used 5104K [0x00000000faa80000, 0x0000000100000000, 0x0000000100000000)
  eden space 63488K, 0% used [0x00000000faa80000,0x00000000faa80000,0x00000000fe880000)
  from space 5120K, 99% used [0x00000000fe880000,0x00000000fed7c020,0x00000000fed80000)
  to   space 18432K, 0% used [0x00000000fee00000,0x00000000fee00000,0x0000000100000000)
 ParOldGen       total 83968K, used 27378K [0x00000000f0000000, 0x00000000f5200000, 0x00000000faa80000)
  object space 83968K, 32% used [0x00000000f0000000,0x00000000f1abc910,0x00000000f5200000)
 PSPermGen       total 131072K, used 19737K [0x00000000e5a00000, 0x00000000eda00000, 0x00000000f0000000)
  object space 131072K, 15% used [0x00000000e5a00000,0x00000000e6d46758,0x00000000eda00000)
}
Event: 3,565 GC heap before
{Heap before GC invocations=6 (full 0):
 PSYoungGen      total 68608K, used 68592K [0x00000000faa80000, 0x0000000100000000, 0x0000000100000000)
  eden space 63488K, 100% used [0x00000000faa80000,0x00000000fe880000,0x00000000fe880000)
  from space 5120K, 99% used [0x00000000fe880000,0x00000000fed7c020,0x00000000fed80000)
  to   space 18432K, 0% used [0x00000000fee00000,0x00000000fee00000,0x0000000100000000)
 ParOldGen       total 83968K, used 27378K [0x00000000f0000000, 0x00000000f5200000, 0x00000000faa80000)
  object space 83968K, 32% used [0x00000000f0000000,0x00000000f1abc910,0x00000000f5200000)
 PSPermGen       total 131072K, used 19768K [0x00000000e5a00000, 0x00000000eda00000, 0x00000000f0000000)
  object space 131072K, 15% used [0x00000000e5a00000,0x00000000e6d4e100,0x00000000eda00000)
Event: 3,577 GC heap after
Heap after GC invocations=6 (full 0):
 PSYoungGen      total 69632K, used 11303K [0x00000000faa80000, 0x0000000100000000, 0x0000000100000000)
  eden space 51200K, 0% used [0x00000000faa80000,0x00000000faa80000,0x00000000fdc80000)
  from space 18432K, 61% used [0x00000000fee00000,0x00000000ff909c40,0x0000000100000000)
  to   space 17920K, 0% used [0x00000000fdc80000,0x00000000fdc80000,0x00000000fee00000)
 ParOldGen       total 83968K, used 27378K [0x00000000f0000000, 0x00000000f5200000, 0x00000000faa80000)
  object space 83968K, 32% used [0x00000000f0000000,0x00000000f1abc910,0x00000000f5200000)
 PSPermGen       total 131072K, used 19768K [0x00000000e5a00000, 0x00000000eda00000, 0x00000000f0000000)
  object space 131072K, 15% used [0x00000000e5a00000,0x00000000e6d4e100,0x00000000eda00000)
}
Event: 3,954 GC heap before
{Heap before GC invocations=7 (full 0):
 PSYoungGen      total 69632K, used 62503K [0x00000000faa80000, 0x0000000100000000, 0x0000000100000000)
  eden space 51200K, 100% used [0x00000000faa80000,0x00000000fdc80000,0x00000000fdc80000)
  from space 18432K, 61% used [0x00000000fee00000,0x00000000ff909c40,0x0000000100000000)
  to   space 17920K, 0% used [0x00000000fdc80000,0x00000000fdc80000,0x00000000fee00000)
 ParOldGen       total 83968K, used 27378K [0x00000000f0000000, 0x00000000f5200000, 0x00000000faa80000)
  object space 83968K, 32% used [0x00000000f0000000,0x00000000f1abc910,0x00000000f5200000)
 PSPermGen       total 131072K, used 21249K [0x00000000e5a00000, 0x00000000eda00000, 0x00000000f0000000)
  object space 131072K, 16% used [0x00000000e5a00000,0x00000000e6ec05d0,0x00000000eda00000)
Event: 3,965 GC heap after
Heap after GC invocations=7 (full 0):
 PSYoungGen      total 61440K, used 10072K [0x00000000faa80000, 0x00000000ffd80000, 0x0000000100000000)
  eden space 51200K, 0% used [0x00000000faa80000,0x00000000faa80000,0x00000000fdc80000)
  from space 10240K, 98% used [0x00000000fdc80000,0x00000000fe656288,0x00000000fe680000)
  to   space 16896K, 0% used [0x00000000fed00000,0x00000000fed00000,0x00000000ffd80000)
 ParOldGen       total 83968K, used 29074K [0x00000000f0000000, 0x00000000f5200000, 0x00000000faa80000)
  object space 83968K, 34% used [0x00000000f0000000,0x00000000f1c64b40,0x00000000f5200000)
 PSPermGen       total 131072K, used 21249K [0x00000000e5a00000, 0x00000000eda00000, 0x00000000f0000000)
  object space 131072K, 16% used [0x00000000e5a00000,0x00000000e6ec05d0,0x00000000eda00000)
}
Event: 5,205 GC heap before
{Heap before GC invocations=8 (full 0):
 PSYoungGen      total 61440K, used 61272K [0x00000000faa80000, 0x00000000ffd80000, 0x0000000100000000)
  eden space 51200K, 100% used [0x00000000faa80000,0x00000000fdc80000,0x00000000fdc80000)
  from space 10240K, 98% used [0x00000000fdc80000,0x00000000fe656288,0x00000000fe680000)
  to   space 16896K, 0% used [0x00000000fed00000,0x00000000fed00000,0x00000000ffd80000)
 ParOldGen       total 83968K, used 29074K [0x00000000f0000000, 0x00000000f5200000, 0x00000000faa80000)
  object space 83968K, 34% used [0x00000000f0000000,0x00000000f1c64b40,0x00000000f5200000)
 PSPermGen       total 131072K, used 27518K [0x00000000e5a00000, 0x00000000eda00000, 0x00000000f0000000)
  object space 131072K, 20% used [0x00000000e5a00000,0x00000000e74df8b8,0x00000000eda00000)
Event: 5,221 GC heap after
Heap after GC invocations=8 (full 0):
 PSYoungGen      total 67584K, used 13591K [0x00000000faa80000, 0x0000000100000000, 0x0000000100000000)
  eden space 50688K, 0% used [0x00000000faa80000,0x00000000faa80000,0x00000000fdc00000)
  from space 16896K, 80% used [0x00000000fed00000,0x00000000ffa45ff8,0x00000000ffd80000)
  to   space 17408K, 0% used [0x00000000fdc00000,0x00000000fdc00000,0x00000000fed00000)
 ParOldGen       total 83968K, used 30012K [0x00000000f0000000, 0x00000000f5200000, 0x00000000faa80000)
  object space 83968K, 35% used [0x00000000f0000000,0x00000000f1d4f2b0,0x00000000f5200000)
 PSPermGen       total 131072K, used 27518K [0x00000000e5a00000, 0x00000000eda00000, 0x00000000f0000000)
  object space 131072K, 20% used [0x00000000e5a00000,0x00000000e74df8b8,0x00000000eda00000)
}
Event: 7,163 GC heap before
{Heap before GC invocations=9 (full 0):
 PSYoungGen      total 67584K, used 64279K [0x00000000faa80000, 0x0000000100000000, 0x0000000100000000)
  eden space 50688K, 100% used [0x00000000faa80000,0x00000000fdc00000,0x00000000fdc00000)
  from space 16896K, 80% used [0x00000000fed00000,0x00000000ffa45ff8,0x00000000ffd80000)
  to   space 17408K, 0% used [0x00000000fdc00000,0x00000000fdc00000,0x00000000fed00000)
 ParOldGen       total 83968K, used 30012K [0x00000000f0000000, 0x00000000f5200000, 0x00000000faa80000)
  object space 83968K, 35% used [0x00000000f0000000,0x00000000f1d4f2b0,0x00000000f5200000)
 PSPermGen       total 131072K, used 41141K [0x00000000e5a00000, 0x00000000eda00000, 0x00000000f0000000)
  object space 131072K, 31% used [0x00000000e5a00000,0x00000000e822d780,0x00000000eda00000)
Event: 7,186 GC heap after
Heap after GC invocations=9 (full 0):
 PSYoungGen      total 68096K, used 17402K [0x00000000faa80000, 0x0000000100000000, 0x0000000100000000)
  eden space 50688K, 0% used [0x00000000faa80000,0x00000000faa80000,0x00000000fdc00000)
  from space 17408K, 99% used [0x00000000fdc00000,0x00000000fecfe900,0x00000000fed00000)
  to   space 19456K, 0% used [0x00000000fed00000,0x00000000fed00000,0x0000000100000000)
 ParOldGen       total 83968K, used 36339K [0x00000000f0000000, 0x00000000f5200000, 0x00000000faa80000)
  object space 83968K, 43% used [0x00000000f0000000,0x00000000f237ced8,0x00000000f5200000)
 PSPermGen       total 131072K, used 41141K [0x00000000e5a00000, 0x00000000eda00000, 0x00000000f0000000)
  object space 131072K, 31% used [0x00000000e5a00000,0x00000000e822d780,0x00000000eda00000)
}

