# JRE version: OpenJDK Runtime Environment (7.0_65-b32) (build 1.7.0_65-b32)
# Java VM: OpenJDK 64-Bit Server VM (24.65-b04 mixed mode linux-amd64 compressed oops)
Heap
 PSYoungGen      total 68096K, used 26439K [0x00000000faa80000, 0x0000000100000000, 0x0000000100000000)
  eden space 50176K, 16% used [0x00000000faa80000,0x00000000fb2d4090,0x00000000fdb80000)
  from space 17920K, 99% used [0x00000000fdb80000,0x00000000fecfddc0,0x00000000fed00000)
  to   space 19456K, 0% used [0x00000000fed00000,0x00000000fed00000,0x0000000100000000)
 ParOldGen       total 83968K, used 36694K [0x00000000f0000000, 0x00000000f5200000, 0x00000000faa80000)
  object space 83968K, 43% used [0x00000000f0000000,0x00000000f23d59a8,0x00000000f5200000)
 PSPermGen       total 131072K, used 43987K [0x00000000e5a00000, 0x00000000eda00000, 0x00000000f0000000)
  object space 131072K, 33% used [0x00000000e5a00000,0x00000000e84f4c18,0x00000000eda00000)
GC Heap History (10 events):
Event: 15,693 GC heap before
{Heap before GC invocations=5 (full 0):
 PSYoungGen      total 68608K, used 68592K [0x00000000faa80000, 0x00000000ff280000, 0x0000000100000000)
  eden space 63488K, 100% used [0x00000000faa80000,0x00000000fe880000,0x00000000fe880000)
  from space 5120K, 99% used [0x00000000fed80000,0x00000000ff27c030,0x00000000ff280000)
  to   space 5120K, 0% used [0x00000000fe880000,0x00000000fe880000,0x00000000fed80000)
 ParOldGen       total 83968K, used 11579K [0x00000000f0000000, 0x00000000f5200000, 0x00000000faa80000)
  object space 83968K, 13% used [0x00000000f0000000,0x00000000f0b4ee28,0x00000000f5200000)
 PSPermGen       total 131072K, used 19726K [0x00000000e5a00000, 0x00000000eda00000, 0x00000000f0000000)
  object space 131072K, 15% used [0x00000000e5a00000,0x00000000e6d43a70,0x00000000eda00000)
Event: 15,769 GC heap after
Heap after GC invocations=5 (full 0):
 PSYoungGen      total 68608K, used 5104K [0x00000000faa80000, 0x0000000100000000, 0x0000000100000000)
  eden space 63488K, 0% used [0x00000000faa80000,0x00000000faa80000,0x00000000fe880000)
  from space 5120K, 99% used [0x00000000fe880000,0x00000000fed7c020,0x00000000fed80000)
  to   space 18432K, 0% used [0x00000000fee00000,0x00000000fee00000,0x0000000100000000)
 ParOldGen       total 83968K, used 27697K [0x00000000f0000000, 0x00000000f5200000, 0x00000000faa80000)
  object space 83968K, 32% used [0x00000000f0000000,0x00000000f1b0c780,0x00000000f5200000)
 PSPermGen       total 131072K, used 19726K [0x00000000e5a00000, 0x00000000eda00000, 0x00000000f0000000)
  object space 131072K, 15% used [0x00000000e5a00000,0x00000000e6d43a70,0x00000000eda00000)
}
Event: 16,671 GC heap before
{Heap before GC invocations=6 (full 0):
 PSYoungGen      total 68608K, used 68592K [0x00000000faa80000, 0x0000000100000000, 0x0000000100000000)
  eden space 63488K, 100% used [0x00000000faa80000,0x00000000fe880000,0x00000000fe880000)
  from space 5120K, 99% used [0x00000000fe880000,0x00000000fed7c020,0x00000000fed80000)
  to   space 18432K, 0% used [0x00000000fee00000,0x00000000fee00000,0x0000000100000000)
 ParOldGen       total 83968K, used 27697K [0x00000000f0000000, 0x00000000f5200000, 0x00000000faa80000)
  object space 83968K, 32% used [0x00000000f0000000,0x00000000f1b0c780,0x00000000f5200000)
 PSPermGen       total 131072K, used 19760K [0x00000000e5a00000, 0x00000000eda00000, 0x00000000f0000000)
  object space 131072K, 15% used [0x00000000e5a00000,0x00000000e6d4c018,0x00000000eda00000)
Event: 16,723 GC heap after
Heap after GC invocations=6 (full 0):
 PSYoungGen      total 69632K, used 11990K [0x00000000faa80000, 0x0000000100000000, 0x0000000100000000)
  eden space 51200K, 0% used [0x00000000faa80000,0x00000000faa80000,0x00000000fdc80000)
  from space 18432K, 65% used [0x00000000fee00000,0x00000000ff9b5860,0x0000000100000000)
  to   space 17920K, 0% used [0x00000000fdc80000,0x00000000fdc80000,0x00000000fee00000)
 ParOldGen       total 83968K, used 27697K [0x00000000f0000000, 0x00000000f5200000, 0x00000000faa80000)
  object space 83968K, 32% used [0x00000000f0000000,0x00000000f1b0c780,0x00000000f5200000)
 PSPermGen       total 131072K, used 19760K [0x00000000e5a00000, 0x00000000eda00000, 0x00000000f0000000)
  object space 131072K, 15% used [0x00000000e5a00000,0x00000000e6d4c018,0x00000000eda00000)
}
Event: 18,444 GC heap before
{Heap before GC invocations=7 (full 0):
 PSYoungGen      total 69632K, used 63190K [0x00000000faa80000, 0x0000000100000000, 0x0000000100000000)
  eden space 51200K, 100% used [0x00000000faa80000,0x00000000fdc80000,0x00000000fdc80000)
  from space 18432K, 65% used [0x00000000fee00000,0x00000000ff9b5860,0x0000000100000000)
  to   space 17920K, 0% used [0x00000000fdc80000,0x00000000fdc80000,0x00000000fee00000)
 ParOldGen       total 83968K, used 27697K [0x00000000f0000000, 0x00000000f5200000, 0x00000000faa80000)
  object space 83968K, 32% used [0x00000000f0000000,0x00000000f1b0c780,0x00000000f5200000)
 PSPermGen       total 131072K, used 21483K [0x00000000e5a00000, 0x00000000eda00000, 0x00000000f0000000)
  object space 131072K, 16% used [0x00000000e5a00000,0x00000000e6efad00,0x00000000eda00000)
Event: 18,491 GC heap after
Heap after GC invocations=7 (full 0):
 PSYoungGen      total 62464K, used 11197K [0x00000000faa80000, 0x00000000ffd80000, 0x0000000100000000)
  eden space 51200K, 0% used [0x00000000faa80000,0x00000000faa80000,0x00000000fdc80000)
  from space 11264K, 99% used [0x00000000fdc80000,0x00000000fe76f480,0x00000000fe780000)
  to   space 16896K, 0% used [0x00000000fed00000,0x00000000fed00000,0x00000000ffd80000)
 ParOldGen       total 83968K, used 29082K [0x00000000f0000000, 0x00000000f5200000, 0x00000000faa80000)
  object space 83968K, 34% used [0x00000000f0000000,0x00000000f1c668f8,0x00000000f5200000)
 PSPermGen       total 131072K, used 21483K [0x00000000e5a00000, 0x00000000eda00000, 0x00000000f0000000)
  object space 131072K, 16% used [0x00000000e5a00000,0x00000000e6efad00,0x00000000eda00000)
}
Event: 23,578 GC heap before
{Heap before GC invocations=8 (full 0):
 PSYoungGen      total 62464K, used 62397K [0x00000000faa80000, 0x00000000ffd80000, 0x0000000100000000)
  eden space 51200K, 100% used [0x00000000faa80000,0x00000000fdc80000,0x00000000fdc80000)
  from space 11264K, 99% used [0x00000000fdc80000,0x00000000fe76f480,0x00000000fe780000)
  to   space 16896K, 0% used [0x00000000fed00000,0x00000000fed00000,0x00000000ffd80000)
 ParOldGen       total 83968K, used 29082K [0x00000000f0000000, 0x00000000f5200000, 0x00000000faa80000)
  object space 83968K, 34% used [0x00000000f0000000,0x00000000f1c668f8,0x00000000f5200000)
 PSPermGen       total 131072K, used 27819K [0x00000000e5a00000, 0x00000000eda00000, 0x00000000f0000000)
  object space 131072K, 21% used [0x00000000e5a00000,0x00000000e752af48,0x00000000eda00000)
Event: 23,631 GC heap after
Heap after GC invocations=8 (full 0):
 PSYoungGen      total 67072K, used 14749K [0x00000000faa80000, 0x0000000100000000, 0x0000000100000000)
  eden space 50176K, 0% used [0x00000000faa80000,0x00000000faa80000,0x00000000fdb80000)
  from space 16896K, 87% used [0x00000000fed00000,0x00000000ffb67428,0x00000000ffd80000)
  to   space 17920K, 0% used [0x00000000fdb80000,0x00000000fdb80000,0x00000000fed00000)
 ParOldGen       total 83968K, used 29678K [0x00000000f0000000, 0x00000000f5200000, 0x00000000faa80000)
  object space 83968K, 35% used [0x00000000f0000000,0x00000000f1cfba10,0x00000000f5200000)
 PSPermGen       total 131072K, used 27819K [0x00000000e5a00000, 0x00000000eda00000, 0x00000000f0000000)
  object space 131072K, 21% used [0x00000000e5a00000,0x00000000e752af48,0x00000000eda00000)
}
Event: 32,754 GC heap before
{Heap before GC invocations=9 (full 0):
 PSYoungGen      total 67072K, used 64925K [0x00000000faa80000, 0x0000000100000000, 0x0000000100000000)
  eden space 50176K, 100% used [0x00000000faa80000,0x00000000fdb80000,0x00000000fdb80000)
  from space 16896K, 87% used [0x00000000fed00000,0x00000000ffb67428,0x00000000ffd80000)
  to   space 17920K, 0% used [0x00000000fdb80000,0x00000000fdb80000,0x00000000fed00000)
 ParOldGen       total 83968K, used 29678K [0x00000000f0000000, 0x00000000f5200000, 0x00000000faa80000)
  object space 83968K, 35% used [0x00000000f0000000,0x00000000f1cfba10,0x00000000f5200000)
 PSPermGen       total 131072K, used 41174K [0x00000000e5a00000, 0x00000000eda00000, 0x00000000f0000000)
  object space 131072K, 31% used [0x00000000e5a00000,0x00000000e82359b0,0x00000000eda00000)
Event: 32,866 GC heap after
Heap after GC invocations=9 (full 0):
 PSYoungGen      total 68096K, used 17911K [0x00000000faa80000, 0x0000000100000000, 0x0000000100000000)
  eden space 50176K, 0% used [0x00000000faa80000,0x00000000faa80000,0x00000000fdb80000)
  from space 17920K, 99% used [0x00000000fdb80000,0x00000000fecfddc0,0x00000000fed00000)
  to   space 19456K, 0% used [0x00000000fed00000,0x00000000fed00000,0x0000000100000000)
 ParOldGen       total 83968K, used 36694K [0x00000000f0000000, 0x00000000f5200000, 0x00000000faa80000)
  object space 83968K, 43% used [0x00000000f0000000,0x00000000f23d59a8,0x00000000f5200000)
 PSPermGen       total 131072K, used 41174K [0x00000000e5a00000, 0x00000000eda00000, 0x00000000f0000000)
  object space 131072K, 31% used [0x00000000e5a00000,0x00000000e82359b0,0x00000000eda00000)
}

