# JRE version: OpenJDK Runtime Environment (7.0_65-b32) (build 1.7.0_65-b32)
# Java VM: OpenJDK 64-Bit Server VM (24.65-b04 mixed mode linux-amd64 compressed oops)
Heap
 PSYoungGen      total 68096K, used 25001K [0x00000000faa80000, 0x0000000100000000, 0x0000000100000000)
  eden space 50688K, 15% used [0x00000000faa80000,0x00000000fb1edb70,0x00000000fdc00000)
  from space 17408K, 99% used [0x00000000fdc00000,0x00000000fecfc910,0x00000000fed00000)
  to   space 19456K, 0% used [0x00000000fed00000,0x00000000fed00000,0x0000000100000000)
 ParOldGen       total 83968K, used 37808K [0x00000000f0000000, 0x00000000f5200000, 0x00000000faa80000)
  object space 83968K, 45% used [0x00000000f0000000,0x00000000f24ec008,0x00000000f5200000)
 PSPermGen       total 131072K, used 44418K [0x00000000e5a00000, 0x00000000eda00000, 0x00000000f0000000)
  object space 131072K, 33% used [0x00000000e5a00000,0x00000000e8560948,0x00000000eda00000)
GC Heap History (10 events):
Event: 3,950 GC heap before
{Heap before GC invocations=5 (full 0):
 PSYoungGen      total 68608K, used 68592K [0x00000000faa80000, 0x00000000ff280000, 0x0000000100000000)
  eden space 63488K, 100% used [0x00000000faa80000,0x00000000fe880000,0x00000000fe880000)
  from space 5120K, 99% used [0x00000000fed80000,0x00000000ff27c010,0x00000000ff280000)
  to   space 5120K, 0% used [0x00000000fe880000,0x00000000fe880000,0x00000000fed80000)
 ParOldGen       total 83968K, used 11617K [0x00000000f0000000, 0x00000000f5200000, 0x00000000faa80000)
  object space 83968K, 13% used [0x00000000f0000000,0x00000000f0b58410,0x00000000f5200000)
 PSPermGen       total 131072K, used 19735K [0x00000000e5a00000, 0x00000000eda00000, 0x00000000f0000000)
  object space 131072K, 15% used [0x00000000e5a00000,0x00000000e6d45e40,0x00000000eda00000)
Event: 3,977 GC heap after
Heap after GC invocations=5 (full 0):
 PSYoungGen      total 68608K, used 5104K [0x00000000faa80000, 0x0000000100000000, 0x0000000100000000)
  eden space 63488K, 0% used [0x00000000faa80000,0x00000000faa80000,0x00000000fe880000)
  from space 5120K, 99% used [0x00000000fe880000,0x00000000fed7c020,0x00000000fed80000)
  to   space 18432K, 0% used [0x00000000fee00000,0x00000000fee00000,0x0000000100000000)
 ParOldGen       total 83968K, used 28099K [0x00000000f0000000, 0x00000000f5200000, 0x00000000faa80000)
  object space 83968K, 33% used [0x00000000f0000000,0x00000000f1b70c78,0x00000000f5200000)
 PSPermGen       total 131072K, used 19735K [0x00000000e5a00000, 0x00000000eda00000, 0x00000000f0000000)
  object space 131072K, 15% used [0x00000000e5a00000,0x00000000e6d45e40,0x00000000eda00000)
}
Event: 4,224 GC heap before
{Heap before GC invocations=6 (full 0):
 PSYoungGen      total 68608K, used 68592K [0x00000000faa80000, 0x0000000100000000, 0x0000000100000000)
  eden space 63488K, 100% used [0x00000000faa80000,0x00000000fe880000,0x00000000fe880000)
  from space 5120K, 99% used [0x00000000fe880000,0x00000000fed7c020,0x00000000fed80000)
  to   space 18432K, 0% used [0x00000000fee00000,0x00000000fee00000,0x0000000100000000)
 ParOldGen       total 83968K, used 28099K [0x00000000f0000000, 0x00000000f5200000, 0x00000000faa80000)
  object space 83968K, 33% used [0x00000000f0000000,0x00000000f1b70c78,0x00000000f5200000)
 PSPermGen       total 131072K, used 19765K [0x00000000e5a00000, 0x00000000eda00000, 0x00000000f0000000)
  object space 131072K, 15% used [0x00000000e5a00000,0x00000000e6d4d668,0x00000000eda00000)
Event: 4,239 GC heap after
Heap after GC invocations=6 (full 0):
 PSYoungGen      total 69632K, used 11705K [0x00000000faa80000, 0x0000000100000000, 0x0000000100000000)
  eden space 51200K, 0% used [0x00000000faa80000,0x00000000faa80000,0x00000000fdc80000)
  from space 18432K, 63% used [0x00000000fee00000,0x00000000ff96e440,0x0000000100000000)
  to   space 17920K, 0% used [0x00000000fdc80000,0x00000000fdc80000,0x00000000fee00000)
 ParOldGen       total 83968K, used 28099K [0x00000000f0000000, 0x00000000f5200000, 0x00000000faa80000)
  object space 83968K, 33% used [0x00000000f0000000,0x00000000f1b70c78,0x00000000f5200000)
 PSPermGen       total 131072K, used 19765K [0x00000000e5a00000, 0x00000000eda00000, 0x00000000f0000000)
  object space 131072K, 15% used [0x00000000e5a00000,0x00000000e6d4d668,0x00000000eda00000)
}
Event: 4,861 GC heap before
{Heap before GC invocations=7 (full 0):
 PSYoungGen      total 69632K, used 62905K [0x00000000faa80000, 0x0000000100000000, 0x0000000100000000)
  eden space 51200K, 100% used [0x00000000faa80000,0x00000000fdc80000,0x00000000fdc80000)
  from space 18432K, 63% used [0x00000000fee00000,0x00000000ff96e440,0x0000000100000000)
  to   space 17920K, 0% used [0x00000000fdc80000,0x00000000fdc80000,0x00000000fee00000)
 ParOldGen       total 83968K, used 28099K [0x00000000f0000000, 0x00000000f5200000, 0x00000000faa80000)
  object space 83968K, 33% used [0x00000000f0000000,0x00000000f1b70c78,0x00000000f5200000)
 PSPermGen       total 131072K, used 21657K [0x00000000e5a00000, 0x00000000eda00000, 0x00000000f0000000)
  object space 131072K, 16% used [0x00000000e5a00000,0x00000000e6f264e8,0x00000000eda00000)
Event: 4,880 GC heap after
Heap after GC invocations=7 (full 0):
 PSYoungGen      total 61952K, used 10553K [0x00000000faa80000, 0x00000000ffd80000, 0x0000000100000000)
  eden space 51200K, 0% used [0x00000000faa80000,0x00000000faa80000,0x00000000fdc80000)
  from space 10752K, 98% used [0x00000000fdc80000,0x00000000fe6ce6b0,0x00000000fe700000)
  to   space 16896K, 0% used [0x00000000fed00000,0x00000000fed00000,0x00000000ffd80000)
 ParOldGen       total 83968K, used 29897K [0x00000000f0000000, 0x00000000f5200000, 0x00000000faa80000)
  object space 83968K, 35% used [0x00000000f0000000,0x00000000f1d324c0,0x00000000f5200000)
 PSPermGen       total 131072K, used 21657K [0x00000000e5a00000, 0x00000000eda00000, 0x00000000f0000000)
  object space 131072K, 16% used [0x00000000e5a00000,0x00000000e6f264e8,0x00000000eda00000)
}
Event: 6,354 GC heap before
{Heap before GC invocations=8 (full 0):
 PSYoungGen      total 61952K, used 61753K [0x00000000faa80000, 0x00000000ffd80000, 0x0000000100000000)
  eden space 51200K, 100% used [0x00000000faa80000,0x00000000fdc80000,0x00000000fdc80000)
  from space 10752K, 98% used [0x00000000fdc80000,0x00000000fe6ce6b0,0x00000000fe700000)
  to   space 16896K, 0% used [0x00000000fed00000,0x00000000fed00000,0x00000000ffd80000)
 ParOldGen       total 83968K, used 29897K [0x00000000f0000000, 0x00000000f5200000, 0x00000000faa80000)
  object space 83968K, 35% used [0x00000000f0000000,0x00000000f1d324c0,0x00000000f5200000)
 PSPermGen       total 131072K, used 28946K [0x00000000e5a00000, 0x00000000eda00000, 0x00000000f0000000)
  object space 131072K, 22% used [0x00000000e5a00000,0x00000000e7644990,0x00000000eda00000)
Event: 6,380 GC heap after
Heap after GC invocations=8 (full 0):
 PSYoungGen      total 67584K, used 13822K [0x00000000faa80000, 0x0000000100000000, 0x0000000100000000)
  eden space 50688K, 0% used [0x00000000faa80000,0x00000000faa80000,0x00000000fdc00000)
  from space 16896K, 81% used [0x00000000fed00000,0x00000000ffa7fa10,0x00000000ffd80000)
  to   space 17408K, 0% used [0x00000000fdc00000,0x00000000fdc00000,0x00000000fed00000)
 ParOldGen       total 83968K, used 31209K [0x00000000f0000000, 0x00000000f5200000, 0x00000000faa80000)
  object space 83968K, 37% used [0x00000000f0000000,0x00000000f1e7a6f8,0x00000000f5200000)
 PSPermGen       total 131072K, used 28946K [0x00000000e5a00000, 0x00000000eda00000, 0x00000000f0000000)
  object space 131072K, 22% used [0x00000000e5a00000,0x00000000e7644990,0x00000000eda00000)
}
Event: 8,689 GC heap before
{Heap before GC invocations=9 (full 0):
 PSYoungGen      total 67584K, used 64510K [0x00000000faa80000, 0x0000000100000000, 0x0000000100000000)
  eden space 50688K, 100% used [0x00000000faa80000,0x00000000fdc00000,0x00000000fdc00000)
  from space 16896K, 81% used [0x00000000fed00000,0x00000000ffa7fa10,0x00000000ffd80000)
  to   space 17408K, 0% used [0x00000000fdc00000,0x00000000fdc00000,0x00000000fed00000)
 ParOldGen       total 83968K, used 31209K [0x00000000f0000000, 0x00000000f5200000, 0x00000000faa80000)
  object space 83968K, 37% used [0x00000000f0000000,0x00000000f1e7a6f8,0x00000000f5200000)
 PSPermGen       total 131072K, used 42045K [0x00000000e5a00000, 0x00000000eda00000, 0x00000000f0000000)
  object space 131072K, 32% used [0x00000000e5a00000,0x00000000e830f6f8,0x00000000eda00000)
Event: 8,718 GC heap after
Heap after GC invocations=9 (full 0):
 PSYoungGen      total 68096K, used 17394K [0x00000000faa80000, 0x0000000100000000, 0x0000000100000000)
  eden space 50688K, 0% used [0x00000000faa80000,0x00000000faa80000,0x00000000fdc00000)
  from space 17408K, 99% used [0x00000000fdc00000,0x00000000fecfc910,0x00000000fed00000)
  to   space 19456K, 0% used [0x00000000fed00000,0x00000000fed00000,0x0000000100000000)
 ParOldGen       total 83968K, used 37808K [0x00000000f0000000, 0x00000000f5200000, 0x00000000faa80000)
  object space 83968K, 45% used [0x00000000f0000000,0x00000000f24ec008,0x00000000f5200000)
 PSPermGen       total 131072K, used 42045K [0x00000000e5a00000, 0x00000000eda00000, 0x00000000f0000000)
  object space 131072K, 32% used [0x00000000e5a00000,0x00000000e830f6f8,0x00000000eda00000)
}

